<?xml version="1.0" encoding="utf-8"?><testsuites name="pytest tests"><testsuite name="pytest" errors="0" failures="0" skipped="0" tests="0" time="0.124" timestamp="2025-07-05T23:35:13.909883+03:00" hostname="fedora" /></testsuites>